<?xml version="1.0" encoding="UTF-8"?>
<!-- Generated by org.testng.reporters.JUnitReportReporter -->
<testsuite skipped="1" hostname="DESKTOP-AV8S3P8" name="com.atmecs.testscript.TestScript" tests="2" failures="0" timestamp="2020-05-26T11:55:43 IST" time="21.523" errors="1">
  <testcase name="invokeBrowser" time="21.523" classname="com.atmecs.testscript.TestScript">
    <error type="org.openqa.selenium.SessionNotCreatedException" message="session not created: This version of ChromeDriver only supports Chrome version 80
Build info: version: &#039;3.141.59&#039;, revision: &#039;e82be7d358&#039;, time: &#039;2018-11-14T08:17:03&#039;
System info: host: &#039;DESKTOP-AV8S3P8&#039;, ip: &#039;192.168.0.8&#039;, os.name: &#039;Windows 10&#039;, os.arch: &#039;amd64&#039;, os.version: &#039;10.0&#039;, java.version: &#039;1.8.0_201&#039;
Driver info: driver.version: ChromeDriver
remote stacktrace: Backtrace:
	Ordinal0 [0x00370AE3+1706723]
	Ordinal0 [0x002D68C1+1075393]
	Ordinal0 [0x0024DFA9+516009]
	Ordinal0 [0x001E0554+66900]
	Ordinal0 [0x001DCCE2+52450]
	Ordinal0 [0x001FBFD7+180183]
	Ordinal0 [0x001FBDDD+179677]
	Ordinal0 [0x001F9D4B+171339]
	Ordinal0 [0x001E1D4A+73034]
	Ordinal0 [0x001E2DC0+77248]
	Ordinal0 [0x001E2D59+77145]
	Ordinal0 [0x002EBB37+1162039]
	GetHandleVerifier [0x0040A7C6+508998]
	GetHandleVerifier [0x0040A504+508292]
	GetHandleVerifier [0x0041F617+594583]
	GetHandleVerifier [0x0040B036+511158]
	Ordinal0 [0x002E3FFC+1130492]
	Ordinal0 [0x002ED49B+1168539]
	Ordinal0 [0x002ED603+1168899]
	Ordinal0 [0x00305B05+1268485]
	BaseThreadInitThunk [0x765D6359+25]
	RtlGetAppContainerNamedObjectPath [0x77247C24+228]
	RtlGetAppContainerNamedObjectPath [0x77247BF4+180]
">
      <![CDATA[org.openqa.selenium.SessionNotCreatedException: session not created: This version of ChromeDriver only supports Chrome version 80
Build info: version: '3.141.59', revision: 'e82be7d358', time: '2018-11-14T08:17:03'
System info: host: 'DESKTOP-AV8S3P8', ip: '192.168.0.8', os.name: 'Windows 10', os.arch: 'amd64', os.version: '10.0', java.version: '1.8.0_201'
Driver info: driver.version: ChromeDriver
remote stacktrace: Backtrace:
Ordinal0 [0x00370AE3+1706723]
Ordinal0 [0x002D68C1+1075393]
Ordinal0 [0x0024DFA9+516009]
Ordinal0 [0x001E0554+66900]
Ordinal0 [0x001DCCE2+52450]
Ordinal0 [0x001FBFD7+180183]
Ordinal0 [0x001FBDDD+179677]
Ordinal0 [0x001F9D4B+171339]
Ordinal0 [0x001E1D4A+73034]
Ordinal0 [0x001E2DC0+77248]
Ordinal0 [0x001E2D59+77145]
Ordinal0 [0x002EBB37+1162039]
GetHandleVerifier [0x0040A7C6+508998]
GetHandleVerifier [0x0040A504+508292]
GetHandleVerifier [0x0041F617+594583]
GetHandleVerifier [0x0040B036+511158]
Ordinal0 [0x002E3FFC+1130492]
Ordinal0 [0x002ED49B+1168539]
Ordinal0 [0x002ED603+1168899]
Ordinal0 [0x00305B05+1268485]
BaseThreadInitThunk [0x765D6359+25]
RtlGetAppContainerNamedObjectPath [0x77247C24+228]
RtlGetAppContainerNamedObjectPath [0x77247BF4+180]

at sun.reflect.NativeConstructorAccessorImpl.newInstance0(Native Method)
at sun.reflect.NativeConstructorAccessorImpl.newInstance(NativeConstructorAccessorImpl.java:62)
at sun.reflect.DelegatingConstructorAccessorImpl.newInstance(DelegatingConstructorAccessorImpl.java:45)
at java.lang.reflect.Constructor.newInstance(Constructor.java:423)
at org.openqa.selenium.remote.W3CHandshakeResponse.lambda$errorHandler$0(W3CHandshakeResponse.java:62)
at org.openqa.selenium.remote.HandshakeResponse.lambda$getResponseFunction$0(HandshakeResponse.java:30)
at org.openqa.selenium.remote.ProtocolHandshake.lambda$createSession$0(ProtocolHandshake.java:126)
at java.util.stream.ReferencePipeline$3$1.accept(ReferencePipeline.java:193)
at java.util.Spliterators$ArraySpliterator.tryAdvance(Spliterators.java:958)
at java.util.stream.ReferencePipeline.forEachWithCancel(ReferencePipeline.java:126)
at java.util.stream.AbstractPipeline.copyIntoWithCancel(AbstractPipeline.java:498)
at java.util.stream.AbstractPipeline.copyInto(AbstractPipeline.java:485)
at java.util.stream.AbstractPipeline.wrapAndCopyInto(AbstractPipeline.java:471)
at java.util.stream.FindOps$FindOp.evaluateSequential(FindOps.java:152)
at java.util.stream.AbstractPipeline.evaluate(AbstractPipeline.java:234)
at java.util.stream.ReferencePipeline.findFirst(ReferencePipeline.java:464)
at org.openqa.selenium.remote.ProtocolHandshake.createSession(ProtocolHandshake.java:128)
at org.openqa.selenium.remote.ProtocolHandshake.createSession(ProtocolHandshake.java:74)
at org.openqa.selenium.remote.HttpCommandExecutor.execute(HttpCommandExecutor.java:136)
at org.openqa.selenium.remote.service.DriverCommandExecutor.execute(DriverCommandExecutor.java:83)
at org.openqa.selenium.remote.RemoteWebDriver.execute(RemoteWebDriver.java:552)
at org.openqa.selenium.remote.RemoteWebDriver.startSession(RemoteWebDriver.java:213)
at org.openqa.selenium.remote.RemoteWebDriver.<init>(RemoteWebDriver.java:131)
at org.openqa.selenium.chrome.ChromeDriver.<init>(ChromeDriver.java:181)
at org.openqa.selenium.chrome.ChromeDriver.<init>(ChromeDriver.java:168)
at org.openqa.selenium.chrome.ChromeDriver.<init>(ChromeDriver.java:123)
at com.atmecs.baseclass.BaseClass.invokeBrowser(BaseClass.java:21)
at sun.reflect.NativeMethodAccessorImpl.invoke0(Native Method)
at sun.reflect.NativeMethodAccessorImpl.invoke(NativeMethodAccessorImpl.java:62)
at sun.reflect.DelegatingMethodAccessorImpl.invoke(DelegatingMethodAccessorImpl.java:43)
at java.lang.reflect.Method.invoke(Method.java:498)
at org.testng.internal.MethodInvocationHelper.invokeMethod(MethodInvocationHelper.java:134)
at org.testng.internal.MethodInvocationHelper.invokeMethodConsideringTimeout(MethodInvocationHelper.java:63)
at org.testng.internal.ConfigInvoker.invokeConfigurationMethod(ConfigInvoker.java:348)
at org.testng.internal.ConfigInvoker.invokeConfigurations(ConfigInvoker.java:302)
at org.testng.TestRunner.invokeTestConfigurations(TestRunner.java:619)
at org.testng.TestRunner.beforeRun(TestRunner.java:609)
at org.testng.TestRunner.run(TestRunner.java:580)
at org.testng.SuiteRunner.runTest(SuiteRunner.java:384)
at org.testng.SuiteRunner.runSequentially(SuiteRunner.java:378)
at org.testng.SuiteRunner.privateRun(SuiteRunner.java:337)
at org.testng.SuiteRunner.run(SuiteRunner.java:286)
at org.testng.SuiteRunnerWorker.runSuite(SuiteRunnerWorker.java:53)
at org.testng.SuiteRunnerWorker.run(SuiteRunnerWorker.java:96)
at org.testng.TestNG.runSuitesSequentially(TestNG.java:1187)
at org.testng.TestNG.runSuitesLocally(TestNG.java:1109)
at org.testng.TestNG.runSuites(TestNG.java:1039)
at org.testng.TestNG.run(TestNG.java:1007)
at org.testng.remote.AbstractRemoteTestNG.run(AbstractRemoteTestNG.java:115)
at org.testng.remote.RemoteTestNG.initAndRun(RemoteTestNG.java:251)
at org.testng.remote.RemoteTestNG.main(RemoteTestNG.java:77)
]]>
    </error>
  </testcase> <!-- invokeBrowser -->
  <system-out/>
  <testcase name="action" time="0.000" classname="com.atmecs.testscript.TestScript">
    <skipped/>
  </testcase> <!-- action -->
  <system-out/>
</testsuite> <!-- com.atmecs.testscript.TestScript -->
