<?xml version="1.0" encoding="UTF-8"?>
<!-- Generated by org.testng.reporters.JUnitXMLReporter -->
<testsuite hostname="DESKTOP-AV8S3P8" ignored="0" name="Test" tests="1" failures="0" timestamp="2020-05-26T11:55:43 IST" time="21.871" errors="0">
  <testcase name="@BeforeTest invokeBrowser" time="21.523" classname="com.atmecs.baseclass.BaseClass">
    <failure type="org.openqa.selenium.SessionNotCreatedException" message="session not created: This version of ChromeDriver only supports Chrome version 80
Build info: version: &amp;apos;3.141.59&amp;apos;, revision: &amp;apos;e82be7d358&amp;apos;, time: &amp;apos;2018-11-14T08:17:03&amp;apos;
System info: host: &amp;apos;DESKTOP-AV8S3P8&amp;apos;, ip: &amp;apos;192.168.0.8&amp;apos;, os.name: &amp;apos;Windows 10&amp;apos;, os.arch: &amp;apos;amd64&amp;apos;, os.version: &amp;apos;10.0&amp;apos;, java.version: &amp;apos;1.8.0_201&amp;apos;
Driver info: driver.version: ChromeDriver
remote stacktrace: Backtrace:
	Ordinal0 [0x00370AE3+1706723]
	Ordinal0 [0x002D68C1+1075393]
	Ordinal0 [0x0024DFA9+516009]
	Ordinal0 [0x001E0554+66900]
	Ordinal0 [0x001DCCE2+52450]
	Ordinal0 [0x001FBFD7+180183]
	Ordinal0 [0x001FBDDD+179677]
	Ordinal0 [0x001F9D4B+171339]
	Ordinal0 [0x001E1D4A+73034]
	Ordinal0 [0x001E2DC0+77248]
	Ordinal0 [0x001E2D59+77145]
	Ordinal0 [0x002EBB37+1162039]
	GetHandleVerifier [0x0040A7C6+508998]
	GetHandleVerifier [0x0040A504+508292]
	GetHandleVerifier [0x0041F617+594583]
	GetHandleVerifier [0x0040B036+511158]
	Ordinal0 [0x002E3FFC+1130492]
	Ordinal0 [0x002ED49B+1168539]
	Ordinal0 [0x002ED603+1168899]
	Ordinal0 [0x00305B05+1268485]
	BaseThreadInitThunk [0x765D6359+25]
	RtlGetAppContainerNamedObjectPath [0x77247C24+228]
	RtlGetAppContainerNamedObjectPath [0x77247BF4+180]
">
      <![CDATA[org.openqa.selenium.SessionNotCreatedException: session not created: This version of ChromeDriver only supports Chrome version 80
Build info: version: '3.141.59', revision: 'e82be7d358', time: '2018-11-14T08:17:03'
System info: host: 'DESKTOP-AV8S3P8', ip: '192.168.0.8', os.name: 'Windows 10', os.arch: 'amd64', os.version: '10.0', java.version: '1.8.0_201'
Driver info: driver.version: ChromeDriver
remote stacktrace: Backtrace:
Ordinal0 [0x00370AE3+1706723]
Ordinal0 [0x002D68C1+1075393]
Ordinal0 [0x0024DFA9+516009]
Ordinal0 [0x001E0554+66900]
Ordinal0 [0x001DCCE2+52450]
Ordinal0 [0x001FBFD7+180183]
Ordinal0 [0x001FBDDD+179677]
Ordinal0 [0x001F9D4B+171339]
Ordinal0 [0x001E1D4A+73034]
Ordinal0 [0x001E2DC0+77248]
Ordinal0 [0x001E2D59+77145]
Ordinal0 [0x002EBB37+1162039]
GetHandleVerifier [0x0040A7C6+508998]
GetHandleVerifier [0x0040A504+508292]
GetHandleVerifier [0x0041F617+594583]
GetHandleVerifier [0x0040B036+511158]
Ordinal0 [0x002E3FFC+1130492]
Ordinal0 [0x002ED49B+1168539]
Ordinal0 [0x002ED603+1168899]
Ordinal0 [0x00305B05+1268485]
BaseThreadInitThunk [0x765D6359+25]
RtlGetAppContainerNamedObjectPath [0x77247C24+228]
RtlGetAppContainerNamedObjectPath [0x77247BF4+180]

at org.openqa.selenium.remote.W3CHandshakeResponse.lambda$errorHandler$0(W3CHandshakeResponse.java:62)
at org.openqa.selenium.remote.HandshakeResponse.lambda$getResponseFunction$0(HandshakeResponse.java:30)
at org.openqa.selenium.remote.ProtocolHandshake.lambda$createSession$0(ProtocolHandshake.java:126)
at java.util.stream.ReferencePipeline$3$1.accept(ReferencePipeline.java:193)
at java.util.Spliterators$ArraySpliterator.tryAdvance(Spliterators.java:958)
at java.util.stream.ReferencePipeline.forEachWithCancel(ReferencePipeline.java:126)
at java.util.stream.AbstractPipeline.copyIntoWithCancel(AbstractPipeline.java:498)
at java.util.stream.AbstractPipeline.copyInto(AbstractPipeline.java:485)
at java.util.stream.AbstractPipeline.wrapAndCopyInto(AbstractPipeline.java:471)
at java.util.stream.FindOps$FindOp.evaluateSequential(FindOps.java:152)
at java.util.stream.AbstractPipeline.evaluate(AbstractPipeline.java:234)
at java.util.stream.ReferencePipeline.findFirst(ReferencePipeline.java:464)
at org.openqa.selenium.remote.ProtocolHandshake.createSession(ProtocolHandshake.java:128)
at org.openqa.selenium.remote.ProtocolHandshake.createSession(ProtocolHandshake.java:74)
at org.openqa.selenium.remote.HttpCommandExecutor.execute(HttpCommandExecutor.java:136)
at org.openqa.selenium.remote.service.DriverCommandExecutor.execute(DriverCommandExecutor.java:83)
at org.openqa.selenium.remote.RemoteWebDriver.execute(RemoteWebDriver.java:552)
at org.openqa.selenium.remote.RemoteWebDriver.startSession(RemoteWebDriver.java:213)
at org.openqa.selenium.remote.RemoteWebDriver.<init>(RemoteWebDriver.java:131)
at org.openqa.selenium.chrome.ChromeDriver.<init>(ChromeDriver.java:181)
at org.openqa.selenium.chrome.ChromeDriver.<init>(ChromeDriver.java:168)
at org.openqa.selenium.chrome.ChromeDriver.<init>(ChromeDriver.java:123)
at com.atmecs.baseclass.BaseClass.invokeBrowser(BaseClass.java:21)
... Removed 28 stack frames]]>
    </failure>
  </testcase> <!-- @BeforeTest invokeBrowser -->
  <testcase name="action" time="0.0" classname="com.atmecs.testscript.TestScript">
    <skipped/>
  </testcase> <!-- action -->
</testsuite> <!-- Test -->
